<?xml version="1.0" encoding="UTF-8"?>
<!-- Generated by org.testng.reporters.JUnitReportReporter -->
<testsuite hostname="DESKTOP-6C5CFM6" failures="0" tests="2" name="practiceFramework.DataDriven.ReadExcelDataUsingDataProvider" time="23.655" errors="0" timestamp="2021-06-26T23:13:38 IST" skipped="0">
  <testcase classname="practiceFramework.DataDriven.ReadExcelDataUsingDataProvider" name="test" time="11.532"/>
  <system-out/>
  <testcase classname="practiceFramework.DataDriven.ReadExcelDataUsingDataProvider" name="test" time="12.123"/>
  <system-out/>
</testsuite> <!-- practiceFramework.DataDriven.ReadExcelDataUsingDataProvider -->
