<?xml version="1.0" encoding="UTF-8"?>
<!-- Generated by org.testng.reporters.JUnitReportReporter -->
<testsuite hostname="DESKTOP-6C5CFM6" failures="0" tests="1" name="edu.framework.Factory.Test.LoginTest" time="5.345" errors="0" timestamp="2021-05-10T23:20:40 IST" skipped="0">
  <testcase classname="edu.framework.Factory.Test.LoginTest" name="Test" time="5.345"/>
  <system-out/>
</testsuite> <!-- edu.framework.Factory.Test.LoginTest -->
