<?xml version="1.0" encoding="UTF-8"?>
<!-- Generated by org.testng.reporters.JUnitReportReporter -->
<testsuite hostname="DESKTOP-6C5CFM6" failures="0" tests="2" name="edu.framework.Factory.DataDriven.TestData" time="22.922" errors="0" timestamp="2021-04-29T08:06:20 IST" skipped="0">
  <testcase classname="edu.framework.Factory.DataDriven.TestData" name="Test" time="11.639"/>
  <system-out/>
  <testcase classname="edu.framework.Factory.DataDriven.TestData" name="Test" time="11.283"/>
  <system-out/>
</testsuite> <!-- edu.framework.Factory.DataDriven.TestData -->
