<?xml version="1.0" encoding="UTF-8"?>
<!-- Generated by org.testng.reporters.JUnitReportReporter -->
<testsuite hostname="DESKTOP-6C5CFM6" failures="0" tests="1" name="practiceFramework.DataDriven.ReadDataUsingExcel" time="119.332" errors="0" timestamp="2021-06-26T14:46:50 IST" skipped="0">
  <testcase classname="practiceFramework.DataDriven.ReadDataUsingExcel" name="ReadData" time="119.332"/>
  <system-out/>
</testsuite> <!-- practiceFramework.DataDriven.ReadDataUsingExcel -->
