<?xml version="1.0" encoding="UTF-8"?>
<!-- Generated by org.testng.reporters.JUnitReportReporter -->
<testsuite hostname="DESKTOP-6C5CFM6" failures="0" tests="2" name="practiceFramework.PageObjectModel.PageObjectModelTest" time="15.264" errors="0" timestamp="2021-06-29T18:02:42 IST" skipped="0">
  <testcase classname="practiceFramework.PageObjectModel.PageObjectModelTest" name="LoginPageTest" time="13.464"/>
  <system-out/>
  <testcase classname="practiceFramework.PageObjectModel.PageObjectModelTest" name="HomePage" time="1.800"/>
  <system-out/>
</testsuite> <!-- practiceFramework.PageObjectModel.PageObjectModelTest -->
