<?xml version="1.0" encoding="UTF-8"?>
<!-- Generated by org.testng.reporters.JUnitReportReporter -->
<testsuite hostname="DESKTOP-6C5CFM6" failures="0" tests="4" name="edu.framework.Factory.DataDriven.ReadExcelDataUsingDataProvider" time="120.072" errors="0" timestamp="2021-05-02T12:01:56 IST" skipped="0">
  <testcase classname="edu.framework.Factory.DataDriven.ReadExcelDataUsingDataProvider" name="Test" time="29.085"/>
  <system-out/>
  <testcase classname="edu.framework.Factory.DataDriven.ReadExcelDataUsingDataProvider" name="Test" time="32.388"/>
  <system-out/>
  <testcase classname="edu.framework.Factory.DataDriven.ReadExcelDataUsingDataProvider" name="Test" time="28.366"/>
  <system-out/>
  <testcase classname="edu.framework.Factory.DataDriven.ReadExcelDataUsingDataProvider" name="Test" time="30.233"/>
  <system-out/>
</testsuite> <!-- edu.framework.Factory.DataDriven.ReadExcelDataUsingDataProvider -->
